2025-08-06 00:50:02,047 - INFO - No proxy configured, using direct connection
2025-08-06 00:50:02,048 - INFO - Starting BTCUSDT candle data collection
2025-08-06 00:50:02,048 - INFO - Testing server time with proxy: False
2025-08-06 00:50:02,048 - INFO - Proxy URL: 
2025-08-06 00:50:02,048 - INFO - Target URL: https://api.bybit.com/v5/market/time
2025-08-06 00:50:02,308 - INFO - ✓ Server time test successful
2025-08-06 00:50:02,308 - INFO - Fetching data for 2025-08-05 (UTC)
2025-08-06 00:50:02,308 - INFO - Time range: 1754352000000 to 1754438399999
2025-08-06 00:50:02,308 - INFO - Processing spot category for BTCUSDT
2025-08-06 00:50:02,308 - INFO -   Fetching 1m interval data
2025-08-06 00:50:02,308 - INFO - Fetching spot 1 batch (attempt 1)
2025-08-06 00:50:03,106 - INFO - Fetched 1000 candles for batch
2025-08-06 00:50:03,307 - INFO - Fetching spot 1 batch (attempt 1)
2025-08-06 00:50:03,633 - INFO - Fetched 440 candles for batch
2025-08-06 00:50:08,339 - INFO - Saved spot/1m data: 1440 candles for BTCUSDT to 2025-08-05/spot/1m
2025-08-06 00:50:08,539 - INFO -   Fetching 3m interval data
2025-08-06 00:50:08,539 - INFO - Fetching spot 3 batch (attempt 1)
2025-08-06 00:50:09,440 - INFO - Saved spot/3m data: 480 candles for BTCUSDT to 2025-08-05/spot/3m
2025-08-06 00:50:09,640 - INFO -   Fetching 5m interval data
2025-08-06 00:50:09,640 - INFO - Fetching spot 5 batch (attempt 1)
2025-08-06 00:50:10,145 - INFO - Saved spot/5m data: 288 candles for BTCUSDT to 2025-08-05/spot/5m
2025-08-06 00:50:10,346 - INFO -   Fetching 15m interval data
2025-08-06 00:50:10,346 - INFO - Fetching spot 15 batch (attempt 1)
2025-08-06 00:50:10,545 - INFO - Saved spot/15m data: 96 candles for BTCUSDT to 2025-08-05/spot/15m
2025-08-06 00:50:10,745 - INFO -   Fetching 30m interval data
2025-08-06 00:50:10,745 - INFO - Fetching spot 30 batch (attempt 1)
2025-08-06 00:50:11,236 - INFO - Saved spot/30m data: 48 candles for BTCUSDT to 2025-08-05/spot/30m
2025-08-06 00:50:11,436 - INFO -   Fetching 1h interval data
2025-08-06 00:50:11,436 - INFO - Fetching spot 60 batch (attempt 1)
2025-08-06 00:50:11,739 - INFO - Saved spot/1h data: 24 candles for BTCUSDT to 2025-08-05/spot/1h
2025-08-06 00:50:11,939 - INFO -   Fetching 2h interval data
2025-08-06 00:50:11,940 - INFO - Fetching spot 120 batch (attempt 1)
2025-08-06 00:50:12,238 - INFO - Saved spot/2h data: 12 candles for BTCUSDT to 2025-08-05/spot/2h
2025-08-06 00:50:12,438 - INFO -   Fetching 4h interval data
2025-08-06 00:50:12,438 - INFO - Fetching spot 240 batch (attempt 1)
2025-08-06 00:50:12,838 - INFO - Saved spot/4h data: 6 candles for BTCUSDT to 2025-08-05/spot/4h
2025-08-06 00:50:13,039 - INFO -   Fetching 6h interval data
2025-08-06 00:50:13,039 - INFO - Fetching spot 360 batch (attempt 1)
2025-08-06 00:50:13,335 - INFO - Saved spot/6h data: 4 candles for BTCUSDT to 2025-08-05/spot/6h
2025-08-06 00:50:13,535 - INFO -   Fetching 12h interval data
2025-08-06 00:50:13,535 - INFO - Fetching spot 720 batch (attempt 1)
2025-08-06 00:50:14,026 - INFO - Saved spot/12h data: 2 candles for BTCUSDT to 2025-08-05/spot/12h
2025-08-06 00:50:14,726 - INFO - Processing perpetual category for BTCUSDT
2025-08-06 00:50:14,726 - INFO -   Fetching 1m interval data
2025-08-06 00:50:14,727 - INFO - Fetching linear 1 batch (attempt 1)
2025-08-06 00:50:14,893 - INFO - Fetched 1000 candles for batch
2025-08-06 00:50:15,094 - INFO - Fetching linear 1 batch (attempt 1)
2025-08-06 00:50:15,261 - INFO - Fetched 440 candles for batch
2025-08-06 00:50:19,742 - INFO - Saved perpetual/1m data: 1440 candles for BTCUSDT to 2025-08-05/perpetual/1m
2025-08-06 00:50:19,943 - INFO -   Fetching 3m interval data
2025-08-06 00:50:19,943 - INFO - Fetching linear 3 batch (attempt 1)
2025-08-06 00:50:21,035 - INFO - Saved perpetual/3m data: 480 candles for BTCUSDT to 2025-08-05/perpetual/3m
2025-08-06 00:50:21,235 - INFO -   Fetching 5m interval data
2025-08-06 00:50:21,235 - INFO - Fetching linear 5 batch (attempt 1)
2025-08-06 00:50:21,838 - INFO - Saved perpetual/5m data: 288 candles for BTCUSDT to 2025-08-05/perpetual/5m
2025-08-06 00:50:22,038 - INFO -   Fetching 15m interval data
2025-08-06 00:50:22,039 - INFO - Fetching linear 15 batch (attempt 1)
2025-08-06 00:50:22,335 - INFO - Saved perpetual/15m data: 96 candles for BTCUSDT to 2025-08-05/perpetual/15m
2025-08-06 00:50:22,535 - INFO -   Fetching 30m interval data
2025-08-06 00:50:22,535 - INFO - Fetching linear 30 batch (attempt 1)
2025-08-06 00:50:22,734 - INFO - Saved perpetual/30m data: 48 candles for BTCUSDT to 2025-08-05/perpetual/30m
2025-08-06 00:50:22,934 - INFO -   Fetching 1h interval data
2025-08-06 00:50:22,934 - INFO - Fetching linear 60 batch (attempt 1)
2025-08-06 00:50:23,113 - INFO - Saved perpetual/1h data: 24 candles for BTCUSDT to 2025-08-05/perpetual/1h
2025-08-06 00:50:23,313 - INFO -   Fetching 2h interval data
2025-08-06 00:50:23,313 - INFO - Fetching linear 120 batch (attempt 1)
2025-08-06 00:50:23,492 - INFO - Saved perpetual/2h data: 12 candles for BTCUSDT to 2025-08-05/perpetual/2h
2025-08-06 00:50:23,692 - INFO -   Fetching 4h interval data
2025-08-06 00:50:23,692 - INFO - Fetching linear 240 batch (attempt 1)
2025-08-06 00:50:23,868 - INFO - Saved perpetual/4h data: 6 candles for BTCUSDT to 2025-08-05/perpetual/4h
2025-08-06 00:50:24,068 - INFO -   Fetching 6h interval data
2025-08-06 00:50:24,068 - INFO - Fetching linear 360 batch (attempt 1)
2025-08-06 00:50:24,242 - INFO - Saved perpetual/6h data: 4 candles for BTCUSDT to 2025-08-05/perpetual/6h
2025-08-06 00:50:24,442 - INFO -   Fetching 12h interval data
2025-08-06 00:50:24,443 - INFO - Fetching linear 720 batch (attempt 1)
2025-08-06 00:50:24,617 - INFO - Saved perpetual/12h data: 2 candles for BTCUSDT to 2025-08-05/perpetual/12h
2025-08-06 00:50:25,318 - INFO - Data collection completed for BTCUSDT: 20/20 successful
2025-08-06 00:50:25,318 - INFO - All BTCUSDT data fetched successfully
